#0 building with "desktop-linux" instance using docker driver

#1 [internal] load build definition from Dockerfile
#1 transferring dockerfile: 1.16kB 0.0s done
#1 DONE 0.0s

#2 [internal] load metadata for docker.io/library/nginx:alpine
#2 ...

#3 [internal] load metadata for docker.io/library/node:16
#3 DONE 0.7s

#2 [internal] load metadata for docker.io/library/nginx:alpine
#2 DONE 0.7s

#4 [internal] load .dockerignore
#4 transferring context: 2B done
#4 DONE 0.0s

#5 [build 1/9] FROM docker.io/library/node:16@sha256:f77a1aef2da8d83e45ec990f45df50f1a286c5fe8bbfb8c6e4246c6389705c0b
#5 DONE 0.0s

#6 [stage-1 1/2] FROM docker.io/library/nginx:alpine@sha256:74175cf34632e88c6cfe206897cbfe2d2fecf9bf033c40e7f9775a3689e8adc7
#6 CACHED

#7 [build 2/9] WORKDIR /app
#7 CACHED

#8 [internal] load build context
#8 transferring context: 3.23kB 0.0s done
#8 DONE 0.0s

#9 [build 3/9] COPY markap/package.json markap/package-lock.json ./
#9 DONE 0.0s

#10 [build 4/9] RUN npm install
#10 1.594 npm WARN EBADENGINE Unsupported engine {
#10 1.594 npm WARN EBADENGINE   package: '@eslint/config-array@0.18.0',
#10 1.595 npm WARN EBADENGINE   required: { node: '^18.18.0 || ^20.9.0 || >=21.1.0' },
#10 1.596 npm WARN EBADENGINE   current: { node: 'v16.20.2', npm: '8.19.4' }
#10 1.596 npm WARN EBADENGINE }
#10 1.597 npm WARN EBADENGINE Unsupported engine {
#10 1.598 npm WARN EBADENGINE   package: '@eslint/core@0.6.0',
#10 1.598 npm WARN EBADENGINE   required: { node: '^18.18.0 || ^20.9.0 || >=21.1.0' },
#10 1.598 npm WARN EBADENGINE   current: { node: 'v16.20.2', npm: '8.19.4' }
#10 1.598 npm WARN EBADENGINE }
#10 1.600 npm WARN EBADENGINE Unsupported engine {
#10 1.600 npm WARN EBADENGINE   package: '@eslint/eslintrc@3.1.0',
#10 1.600 npm WARN EBADENGINE   required: { node: '^18.18.0 || ^20.9.0 || >=21.1.0' },
#10 1.600 npm WARN EBADENGINE   current: { node: 'v16.20.2', npm: '8.19.4' }
#10 1.600 npm WARN EBADENGINE }
#10 1.601 npm WARN EBADENGINE Unsupported engine {
#10 1.602 npm WARN EBADENGINE   package: 'globals@14.0.0',
#10 1.602 npm WARN EBADENGINE   required: { node: '>=18' },
#10 1.602 npm WARN EBADENGINE   current: { node: 'v16.20.2', npm: '8.19.4' }
#10 1.603 npm WARN EBADENGINE }
#10 1.604 npm WARN EBADENGINE Unsupported engine {
#10 1.605 npm WARN EBADENGINE   package: '@eslint/js@9.11.1',
#10 1.605 npm WARN EBADENGINE   required: { node: '^18.18.0 || ^20.9.0 || >=21.1.0' },
#10 1.605 npm WARN EBADENGINE   current: { node: 'v16.20.2', npm: '8.19.4' }
#10 1.606 npm WARN EBADENGINE }
#10 1.607 npm WARN EBADENGINE Unsupported engine {
#10 1.609 npm WARN EBADENGINE   package: '@eslint/object-schema@2.1.4',
#10 1.609 npm WARN EBADENGINE   required: { node: '^18.18.0 || ^20.9.0 || >=21.1.0' },
#10 1.609 npm WARN EBADENGINE   current: { node: 'v16.20.2', npm: '8.19.4' }
#10 1.609 npm WARN EBADENGINE }
#10 1.610 npm WARN EBADENGINE Unsupported engine {
#10 1.610 npm WARN EBADENGINE   package: '@eslint/plugin-kit@0.2.0',
#10 1.610 npm WARN EBADENGINE   required: { node: '^18.18.0 || ^20.9.0 || >=21.1.0' },
#10 1.611 npm WARN EBADENGINE   current: { node: 'v16.20.2', npm: '8.19.4' }
#10 1.611 npm WARN EBADENGINE }
#10 1.613 npm WARN EBADENGINE Unsupported engine {
#10 1.613 npm WARN EBADENGINE   package: '@humanwhocodes/retry@0.3.0',
#10 1.613 npm WARN EBADENGINE   required: { node: '>=18.18' },
#10 1.613 npm WARN EBADENGINE   current: { node: 'v16.20.2', npm: '8.19.4' }
#10 1.614 npm WARN EBADENGINE }
#10 1.619 npm WARN EBADENGINE Unsupported engine {
#10 1.619 npm WARN EBADENGINE   package: '@typescript-eslint/scope-manager@8.9.0',
#10 1.619 npm WARN EBADENGINE   required: { node: '^18.18.0 || ^20.9.0 || >=21.1.0' },
#10 1.620 npm WARN EBADENGINE   current: { node: 'v16.20.2', npm: '8.19.4' }
#10 1.620 npm WARN EBADENGINE }
#10 1.621 npm WARN EBADENGINE Unsupported engine {
#10 1.621 npm WARN EBADENGINE   package: '@typescript-eslint/types@8.9.0',
#10 1.621 npm WARN EBADENGINE   required: { node: '^18.18.0 || ^20.9.0 || >=21.1.0' },
#10 1.621 npm WARN EBADENGINE   current: { node: 'v16.20.2', npm: '8.19.4' }
#10 1.622 npm WARN EBADENGINE }
#10 1.622 npm WARN EBADENGINE Unsupported engine {
#10 1.624 npm WARN EBADENGINE   package: '@typescript-eslint/typescript-estree@8.9.0',
#10 1.624 npm WARN EBADENGINE   required: { node: '^18.18.0 || ^20.9.0 || >=21.1.0' },
#10 1.624 npm WARN EBADENGINE   current: { node: 'v16.20.2', npm: '8.19.4' }
#10 1.624 npm WARN EBADENGINE }
#10 1.627 npm WARN EBADENGINE Unsupported engine {
#10 1.627 npm WARN EBADENGINE   package: '@typescript-eslint/utils@8.9.0',
#10 1.628 npm WARN EBADENGINE   required: { node: '^18.18.0 || ^20.9.0 || >=21.1.0' },
#10 1.628 npm WARN EBADENGINE   current: { node: 'v16.20.2', npm: '8.19.4' }
#10 1.628 npm WARN EBADENGINE }
#10 1.631 npm WARN EBADENGINE Unsupported engine {
#10 1.631 npm WARN EBADENGINE   package: '@typescript-eslint/visitor-keys@8.9.0',
#10 1.631 npm WARN EBADENGINE   required: { node: '^18.18.0 || ^20.9.0 || >=21.1.0' },
#10 1.631 npm WARN EBADENGINE   current: { node: 'v16.20.2', npm: '8.19.4' }
#10 1.631 npm WARN EBADENGINE }
#10 1.633 npm WARN EBADENGINE Unsupported engine {
#10 1.633 npm WARN EBADENGINE   package: 'dot-prop@9.0.0',
#10 1.633 npm WARN EBADENGINE   required: { node: '>=18' },
#10 1.633 npm WARN EBADENGINE   current: { node: 'v16.20.2', npm: '8.19.4' }
#10 1.633 npm WARN EBADENGINE }
#10 1.635 npm WARN EBADENGINE Unsupported engine {
#10 1.635 npm WARN EBADENGINE   package: 'eslint@9.11.1',
#10 1.635 npm WARN EBADENGINE   required: { node: '^18.18.0 || ^20.9.0 || >=21.1.0' },
#10 1.635 npm WARN EBADENGINE   current: { node: 'v16.20.2', npm: '8.19.4' }
#10 1.635 npm WARN EBADENGINE }
#10 1.635 npm WARN EBADENGINE Unsupported engine {
#10 1.635 npm WARN EBADENGINE   package: 'eslint-scope@8.1.0',
#10 1.635 npm WARN EBADENGINE   required: { node: '^18.18.0 || ^20.9.0 || >=21.1.0' },
#10 1.635 npm WARN EBADENGINE   current: { node: 'v16.20.2', npm: '8.19.4' }
#10 1.635 npm WARN EBADENGINE }
#10 1.638 npm WARN EBADENGINE Unsupported engine {
#10 1.638 npm WARN EBADENGINE   package: 'eslint-visitor-keys@4.1.0',
#10 1.638 npm WARN EBADENGINE   required: { node: '^18.18.0 || ^20.9.0 || >=21.1.0' },
#10 1.638 npm WARN EBADENGINE   current: { node: 'v16.20.2', npm: '8.19.4' }
#10 1.638 npm WARN EBADENGINE }
#10 1.638 npm WARN EBADENGINE Unsupported engine {
#10 1.638 npm WARN EBADENGINE   package: 'espree@10.2.0',
#10 1.638 npm WARN EBADENGINE   required: { node: '^18.18.0 || ^20.9.0 || >=21.1.0' },
#10 1.638 npm WARN EBADENGINE   current: { node: 'v16.20.2', npm: '8.19.4' }
#10 1.638 npm WARN EBADENGINE }
#10 1.640 npm WARN EBADENGINE Unsupported engine {
#10 1.641 npm WARN EBADENGINE   package: 'globals@15.10.0',
#10 1.642 npm WARN EBADENGINE   required: { node: '>=18' },
#10 1.642 npm WARN EBADENGINE   current: { node: 'v16.20.2', npm: '8.19.4' }
#10 1.642 npm WARN EBADENGINE }
#10 1.650 npm WARN EBADENGINE Unsupported engine {
#10 1.651 npm WARN EBADENGINE   package: 'inflection@3.0.0',
#10 1.651 npm WARN EBADENGINE   required: { node: '>=18.0.0' },
#10 1.651 npm WARN EBADENGINE   current: { node: 'v16.20.2', npm: '8.19.4' }
#10 1.651 npm WARN EBADENGINE }
#10 1.651 npm WARN EBADENGINE Unsupported engine {
#10 1.651 npm WARN EBADENGINE   package: 'json-server@1.0.0-beta.3',
#10 1.651 npm WARN EBADENGINE   required: { node: '>=18.3' },
#10 1.651 npm WARN EBADENGINE   current: { node: 'v16.20.2', npm: '8.19.4' }
#10 1.651 npm WARN EBADENGINE }
#10 1.651 npm WARN EBADENGINE Unsupported engine {
#10 1.651 npm WARN EBADENGINE   package: 'jwt-decode@4.0.0',
#10 1.651 npm WARN EBADENGINE   required: { node: '>=18' },
#10 1.651 npm WARN EBADENGINE   current: { node: 'v16.20.2', npm: '8.19.4' }
#10 1.651 npm WARN EBADENGINE }
#10 1.651 npm WARN EBADENGINE Unsupported engine {
#10 1.651 npm WARN EBADENGINE   package: 'lowdb@7.0.1',
#10 1.651 npm WARN EBADENGINE   required: { node: '>=18' },
#10 1.651 npm WARN EBADENGINE   current: { node: 'v16.20.2', npm: '8.19.4' }
#10 1.651 npm WARN EBADENGINE }
#10 1.653 npm WARN EBADENGINE Unsupported engine {
#10 1.653 npm WARN EBADENGINE   package: 'milliparsec@4.0.0',
#10 1.653 npm WARN EBADENGINE   required: { node: '>=20' },
#10 1.653 npm WARN EBADENGINE   current: { node: 'v16.20.2', npm: '8.19.4' }
#10 1.653 npm WARN EBADENGINE }
#10 1.656 npm WARN EBADENGINE Unsupported engine {
#10 1.656 npm WARN EBADENGINE   package: 'react-hook-form@7.53.0',
#10 1.656 npm WARN EBADENGINE   required: { node: '>=18.0.0' },
#10 1.656 npm WARN EBADENGINE   current: { node: 'v16.20.2', npm: '8.19.4' }
#10 1.656 npm WARN EBADENGINE }
#10 1.660 npm WARN EBADENGINE Unsupported engine {
#10 1.660 npm WARN EBADENGINE   package: 'rollup@4.23.0',
#10 1.660 npm WARN EBADENGINE   required: { node: '>=18.0.0', npm: '>=8.0.0' },
#10 1.660 npm WARN EBADENGINE   current: { node: 'v16.20.2', npm: '8.19.4' }
#10 1.660 npm WARN EBADENGINE }
#10 1.663 npm WARN EBADENGINE Unsupported engine {
#10 1.663 npm WARN EBADENGINE   package: 'sort-on@6.1.0',
#10 1.663 npm WARN EBADENGINE   required: { node: '>=18' },
#10 1.663 npm WARN EBADENGINE   current: { node: 'v16.20.2', npm: '8.19.4' }
#10 1.663 npm WARN EBADENGINE }
#10 1.663 npm WARN EBADENGINE Unsupported engine {
#10 1.663 npm WARN EBADENGINE   package: 'steno@4.0.2',
#10 1.663 npm WARN EBADENGINE   required: { node: '>=18' },
#10 1.663 npm WARN EBADENGINE   current: { node: 'v16.20.2', npm: '8.19.4' }
#10 1.663 npm WARN EBADENGINE }
#10 1.670 npm WARN EBADENGINE Unsupported engine {
#10 1.670 npm WARN EBADENGINE   package: 'vite@5.4.8',
#10 1.670 npm WARN EBADENGINE   required: { node: '^18.0.0 || >=20.0.0' },
#10 1.670 npm WARN EBADENGINE   current: { node: 'v16.20.2', npm: '8.19.4' }
#10 1.670 npm WARN EBADENGINE }
#10 31.25 
#10 31.25 added 683 packages, and audited 684 packages in 31s
#10 31.25 
#10 31.25 151 packages are looking for funding
#10 31.25   run `npm fund` for details
#10 31.27 
#10 31.27 2 vulnerabilities (1 low, 1 high)
#10 31.27 
#10 31.27 To address all issues, run:
#10 31.27   npm audit fix
#10 31.27 
#10 31.27 Run `npm audit` for details.
#10 31.27 npm notice 
#10 31.27 npm notice New major version of npm available! 8.19.4 -> 10.9.1
#10 31.27 npm notice Changelog: <https://github.com/npm/cli/releases/tag/v10.9.1>
#10 31.27 npm notice Run `npm install -g npm@10.9.1` to update!
#10 31.27 npm notice 
#10 DONE 31.5s

#11 [build 5/9] RUN ls -al /app
#11 1.130 total 420
#11 1.130 drwxr-xr-x   1 root root   4096 Nov 24 01:57 .
#11 1.130 drwxr-xr-x   1 root root   4096 Nov 24 01:57 ..
#11 1.130 drwxr-xr-x 380 root root  16384 Nov 24 01:57 node_modules
#11 1.130 -rwxr-xr-x   1 root root 393892 Nov 24 01:57 package-lock.json
#11 1.130 -rwxr-xr-x   1 root root   1284 Nov 24 01:33 package.json
#11 DONE 1.3s

#12 [build 6/9] COPY markap /app
#12 DONE 0.1s

#13 [build 7/9] RUN ls -al /app
#13 0.520 total 456
#13 0.520 drwxr-xr-x   1 root root   4096 Nov 24 01:33 .
#13 0.520 drwxr-xr-x   1 root root   4096 Nov 24 01:57 ..
#13 0.520 -rwxr-xr-x   1 root root    286 Nov 24 01:33 .gitignore
#13 0.520 -rwxr-xr-x   1 root root    459 Nov 24 01:33 README.md
#13 0.520 -rwxr-xr-x   1 root root   3644 Nov 24 01:33 db.json
#13 0.520 -rwxr-xr-x   1 root root   1041 Nov 24 01:33 eslint.config.js
#13 0.520 -rwxr-xr-x   1 root root    368 Nov 24 01:33 index.html
#13 0.520 drwxr-xr-x 380 root root  16384 Nov 24 01:57 node_modules
#13 0.520 -rwxr-xr-x   1 root root 393892 Nov 24 01:33 package-lock.json
#13 0.520 -rwxr-xr-x   1 root root   1284 Nov 24 01:33 package.json
#13 0.520 -rwxr-xr-x   1 root root     86 Nov 24 01:33 postcss.config.js
#13 0.520 drwxr-xr-x   2 root root   4096 Nov 24 01:33 public
#13 0.520 drwxr-xr-x   7 root root   4096 Nov 24 01:33 src
#13 0.520 -rwxr-xr-x   1 root root    461 Nov 24 01:33 tailwind.config.js
#13 0.520 -rwxr-xr-x   1 root root    170 Nov 24 01:33 vite.config.js
#13 DONE 0.6s

#14 [build 8/9] RUN npm cache clean --force
#14 1.190 npm WARN using --force Recommended protections disabled.
#14 DONE 2.9s

#15 [build 9/9] RUN npm run build --prefix /app/markap
#15 0.788 npm ERR! code ENOENT
#15 0.792 npm ERR! syscall open
#15 0.792 npm ERR! path /app/markap/package.json
#15 0.794 npm ERR! errno -2
#15 0.797 npm ERR! enoent ENOENT: no such file or directory, open '/app/markap/package.json'
#15 0.797 npm ERR! enoent This is related to npm not being able to find a file.
#15 0.797 npm ERR! enoent 
#15 0.800 
#15 0.801 npm ERR! A complete log of this run can be found in:
#15 0.801 npm ERR!     /root/.npm/_logs/2024-11-24T01_57_55_028Z-debug-0.log
#15 ERROR: process "/bin/sh -c npm run build --prefix /app/markap" did not complete successfully: exit code: 254
------
 > [build 9/9] RUN npm run build --prefix /app/markap:
 ERR! code ENOENT
0.792 npm ERR! syscall open
0.792 npm ERR! path /app/markap/package.json
0.794 npm ERR! errno -2
0.797 npm ERR! enoent ENOENT: no such file or directory, open '/app/markap/package.json'
0.797 npm ERR! enoent This is related to npm not being able to find a file.
0.797 npm ERR! enoent 
0.800 
0.801 npm ERR! A complete log of this run can be found in:
0.801 npm ERR!     /root/.npm/_logs/2024-11-24T01_57_55_028Z-debug-0.log
------
Dockerfile:26
--------------------
  24 |     
  25 |     # Ejecutamos el build de Vite en el directorio correcto
  26 | >>> RUN npm run build --prefix /app/markap
  27 |     
  28 |     # Usamos una imagen más ligera para producción (Nginx)
--------------------
ERROR: failed to solve: process "/bin/sh -c npm run build --prefix /app/markap" did not complete successfully: exit code: 254

View build details: docker-desktop://dashboard/build/desktop-linux/desktop-linux/09p5b0bqywd0qcq81wo991jsx
